c:\users\t4yy4\documents\github\in3005\coursework\template2023\opengltemplate\x64\release\vc143.pdb
c:\users\t4yy4\documents\github\in3005\coursework\template2023\opengltemplate\x64\release\texture.obj
c:\users\t4yy4\documents\github\in3005\coursework\template2023\opengltemplate\x64\release\sphere.obj
c:\users\t4yy4\documents\github\in3005\coursework\template2023\opengltemplate\x64\release\skybox.obj
c:\users\t4yy4\documents\github\in3005\coursework\template2023\opengltemplate\x64\release\shaders.obj
c:\users\t4yy4\documents\github\in3005\coursework\template2023\opengltemplate\x64\release\plane.obj
c:\users\t4yy4\documents\github\in3005\coursework\template2023\opengltemplate\x64\release\overpass.obj
c:\users\t4yy4\documents\github\in3005\coursework\template2023\opengltemplate\x64\release\openassetimportmesh.obj
c:\users\t4yy4\documents\github\in3005\coursework\template2023\opengltemplate\x64\release\matrixstack.obj
c:\users\t4yy4\documents\github\in3005\coursework\template2023\opengltemplate\x64\release\highresolutiontimer.obj
c:\users\t4yy4\documents\github\in3005\coursework\template2023\opengltemplate\x64\release\heightmapterrain.obj
c:\users\t4yy4\documents\github\in3005\coursework\template2023\opengltemplate\x64\release\gamewindow.obj
c:\users\t4yy4\documents\github\in3005\coursework\template2023\opengltemplate\x64\release\game.obj
c:\users\t4yy4\documents\github\in3005\coursework\template2023\opengltemplate\x64\release\freetypefont.obj
c:\users\t4yy4\documents\github\in3005\coursework\template2023\opengltemplate\x64\release\framebufferobject.obj
c:\users\t4yy4\documents\github\in3005\coursework\template2023\opengltemplate\x64\release\facevertexmesh.obj
c:\users\t4yy4\documents\github\in3005\coursework\template2023\opengltemplate\x64\release\cubemap.obj
c:\users\t4yy4\documents\github\in3005\coursework\template2023\opengltemplate\x64\release\catmullrom.obj
c:\users\t4yy4\documents\github\in3005\coursework\template2023\opengltemplate\x64\release\camera.obj
c:\users\t4yy4\documents\github\in3005\coursework\template2023\opengltemplate\x64\release\barricadespline.obj
c:\users\t4yy4\documents\github\in3005\coursework\template2023\opengltemplate\x64\release\audio.obj
c:\users\t4yy4\documents\github\in3005\coursework\template2023\opengltemplate\x64\release\vertexbufferobjectindexed.obj
c:\users\t4yy4\documents\github\in3005\coursework\template2023\opengltemplate\x64\release\vertexbufferobject.obj
c:\users\t4yy4\documents\github\in3005\coursework\template2023\opengltemplate\x64\release\tunnel.obj
c:\users\t4yy4\documents\github\in3005\coursework\template2023\opengltemplate\x64\release\treemesh.obj
c:\users\t4yy4\documents\github\in3005\coursework\template2023\x64\release\opengltemplate.exe
c:\users\t4yy4\documents\github\in3005\coursework\template2023\opengltemplate\x64\release\opengltemplate.ipdb
c:\users\t4yy4\documents\github\in3005\coursework\template2023\x64\release\opengltemplate.pdb
c:\users\t4yy4\documents\github\in3005\coursework\template2023\opengltemplate\x64\release\opengltemplate.iobj
c:\users\t4yy4\documents\github\in3005\coursework\template2023\x64\release\opengltemplate.lib
c:\users\t4yy4\documents\github\in3005\coursework\template2023\x64\release\opengltemplate.exp
c:\users\t4yy4\documents\github\in3005\coursework\template2023\opengltemplate\x64\release\opengltemplate.tlog\cl.command.1.tlog
c:\users\t4yy4\documents\github\in3005\coursework\template2023\opengltemplate\x64\release\opengltemplate.tlog\cl.read.1.tlog
c:\users\t4yy4\documents\github\in3005\coursework\template2023\opengltemplate\x64\release\opengltemplate.tlog\cl.write.1.tlog
c:\users\t4yy4\documents\github\in3005\coursework\template2023\opengltemplate\x64\release\opengltemplate.tlog\link.command.1.tlog
c:\users\t4yy4\documents\github\in3005\coursework\template2023\opengltemplate\x64\release\opengltemplate.tlog\link.read.1.tlog
c:\users\t4yy4\documents\github\in3005\coursework\template2023\opengltemplate\x64\release\opengltemplate.tlog\link.write.1.tlog
c:\users\t4yy4\documents\github\in3005\coursework\template2023\opengltemplate\x64\release\opengltemplate.tlog\link.write.2u.tlog
