d:\teaching\city\labs_2022\template2022\opengltemplate\x64\release\vc142.pdb
d:\teaching\city\labs_2022\template2022\opengltemplate\x64\release\vertexbufferobjectindexed.obj
d:\teaching\city\labs_2022\template2022\opengltemplate\x64\release\vertexbufferobject.obj
d:\teaching\city\labs_2022\template2022\opengltemplate\x64\release\texture.obj
d:\teaching\city\labs_2022\template2022\opengltemplate\x64\release\sphere.obj
d:\teaching\city\labs_2022\template2022\opengltemplate\x64\release\skybox.obj
d:\teaching\city\labs_2022\template2022\opengltemplate\x64\release\shaders.obj
d:\teaching\city\labs_2022\template2022\opengltemplate\x64\release\plane.obj
d:\teaching\city\labs_2022\template2022\opengltemplate\x64\release\openassetimportmesh.obj
d:\teaching\city\labs_2022\template2022\opengltemplate\x64\release\matrixstack.obj
d:\teaching\city\labs_2022\template2022\opengltemplate\x64\release\highresolutiontimer.obj
d:\teaching\city\labs_2022\template2022\opengltemplate\x64\release\gamewindow.obj
d:\teaching\city\labs_2022\template2022\opengltemplate\x64\release\game.obj
d:\teaching\city\labs_2022\template2022\opengltemplate\x64\release\freetypefont.obj
d:\teaching\city\labs_2022\template2022\opengltemplate\x64\release\cubemap.obj
d:\teaching\city\labs_2022\template2022\opengltemplate\x64\release\camera.obj
d:\teaching\city\labs_2022\template2022\opengltemplate\x64\release\audio.obj
d:\teaching\city\labs_2022\template2022\x64\release\opengltemplate.exe
d:\teaching\city\labs_2022\template2022\opengltemplate\x64\release\opengltemplate.ipdb
d:\teaching\city\labs_2022\template2022\opengltemplate\x64\release\opengltemplate.iobj
d:\teaching\city\labs_2022\template2022\x64\release\opengltemplate.pdb
d:\teaching\city\labs_2022\template2022\x64\release\opengltemplate.lib
d:\teaching\city\labs_2022\template2022\x64\release\opengltemplate.exp
d:\teaching\city\labs_2022\template2022\opengltemplate\x64\release\opengltemplate.tlog\cl.command.1.tlog
d:\teaching\city\labs_2022\template2022\opengltemplate\x64\release\opengltemplate.tlog\cl.read.1.tlog
d:\teaching\city\labs_2022\template2022\opengltemplate\x64\release\opengltemplate.tlog\cl.write.1.tlog
d:\teaching\city\labs_2022\template2022\opengltemplate\x64\release\opengltemplate.tlog\link.command.1.tlog
d:\teaching\city\labs_2022\template2022\opengltemplate\x64\release\opengltemplate.tlog\link.read.1.tlog
d:\teaching\city\labs_2022\template2022\opengltemplate\x64\release\opengltemplate.tlog\link.write.1.tlog
d:\teaching\city\labs_2022\template2022\opengltemplate\x64\release\opengltemplate.tlog\opengltemplate.write.1u.tlog
