c:\slabaugh\teaching\ay2016-17\inm376\labs\lab1\demo\lab1\debug\vc140.pdb
c:\slabaugh\teaching\ay2016-17\inm376\labs\lab1\demo\lab1\debug\vc140.idb
c:\slabaugh\teaching\ay2016-17\inm376\labs\lab1\demo\lab1\debug\game.obj
c:\slabaugh\teaching\ay2016-17\inm376\labs\lab1\demo\lab1\debug\gamewindow.obj
c:\slabaugh\teaching\ay2016-17\inm376\labs\lab1\demo\lab1\debug\highresolutiontimer.obj
c:\slabaugh\teaching\ay2016-17\inm376\labs\lab1\demo\lab1\debug\shaders.obj
c:\slabaugh\teaching\ay2016-17\inm376\labs\lab1\demo\debug\lab1.exe
c:\slabaugh\teaching\ay2016-17\inm376\labs\lab1\demo\debug\lab1.pdb
d:\work\projects\city\inm376\labs\lab1\demo\lab1\debug\game.obj
d:\work\projects\city\inm376\labs\lab1\demo\lab1\debug\gamewindow.obj
d:\work\projects\city\inm376\labs\lab1\demo\lab1\debug\highresolutiontimer.obj
d:\work\projects\city\inm376\labs\lab1\demo\lab1\debug\shaders.obj
d:\work\projects\city\inm376\labs\lab1\demo\lab1\debug\vc140.idb
d:\work\projects\city\inm376\labs\lab1\demo\lab1\debug\vc140.pdb
d:\work\projects\city\inm376\labs\lab1\demo\debug\lab1.pdb
d:\work\projects\city\inm376\labs\lab1\demo\debug\lab1.exe
d:\work\projects\city\inm376\labs\lab1\demo\lab1\debug\lab1.tlog\cl.command.1.tlog
d:\work\projects\city\inm376\labs\lab1\demo\lab1\debug\lab1.tlog\cl.read.1.tlog
d:\work\projects\city\inm376\labs\lab1\demo\lab1\debug\lab1.tlog\cl.write.1.tlog
d:\work\projects\city\inm376\labs\lab1\demo\lab1\debug\lab1.tlog\link.command.1.tlog
d:\work\projects\city\inm376\labs\lab1\demo\lab1\debug\lab1.tlog\link.read.1.tlog
d:\work\projects\city\inm376\labs\lab1\demo\lab1\debug\lab1.tlog\link.write.1.tlog
