  Audio.cpp
  BarricadeSpline.cpp
  Camera.cpp
  CatmullRom.cpp
C:\Users\T4YY4\Documents\GitHub\IN3005\Coursework\Template2023\OpenGLTemplate\CatmullRom.cpp(418,54): warning C4267: 'argument': conversion from 'size_t' to 'GLsizei', possible loss of data
C:\Users\T4YY4\Documents\GitHub\IN3005\Coursework\Template2023\OpenGLTemplate\CatmullRom.cpp(419,57): warning C4267: 'argument': conversion from 'size_t' to 'GLsizei', possible loss of data
C:\Users\T4YY4\Documents\GitHub\IN3005\Coursework\Template2023\OpenGLTemplate\CatmullRom.cpp(431,54): warning C4267: 'argument': conversion from 'size_t' to 'GLsizei', possible loss of data
C:\Users\T4YY4\Documents\GitHub\IN3005\Coursework\Template2023\OpenGLTemplate\CatmullRom.cpp(432,57): warning C4267: 'argument': conversion from 'size_t' to 'GLsizei', possible loss of data
C:\Users\T4YY4\Documents\GitHub\IN3005\Coursework\Template2023\OpenGLTemplate\CatmullRom.cpp(442,55): warning C4267: 'argument': conversion from 'size_t' to 'GLsizei', possible loss of data
C:\Users\T4YY4\Documents\GitHub\IN3005\Coursework\Template2023\OpenGLTemplate\CatmullRom.cpp(443,58): warning C4267: 'argument': conversion from 'size_t' to 'GLsizei', possible loss of data
  Cubemap.cpp
  FaceVertexMesh.cpp
C:\Users\T4YY4\Documents\GitHub\IN3005\Coursework\Template2023\OpenGLTemplate\FaceVertexMesh.cpp(116,84): warning C4267: 'argument': conversion from 'size_t' to 'GLsizei', possible loss of data
  FreeTypeFont.cpp
  Game.cpp
C:\Users\T4YY4\Documents\GitHub\IN3005\Coursework\Template2023\OpenGLTemplate\Game.cpp(942,12): warning C4244: 'initializing': conversion from 'float' to 'int', possible loss of data
C:\Users\T4YY4\Documents\GitHub\IN3005\Coursework\Template2023\OpenGLTemplate\Game.cpp(943,22): warning C4244: 'initializing': conversion from 'float' to 'int', possible loss of data
C:\Users\T4YY4\Documents\GitHub\IN3005\Coursework\Template2023\OpenGLTemplate\Game.cpp(1002,13): warning C4244: 'initializing': conversion from 'float' to 'int', possible loss of data
C:\Users\T4YY4\Documents\GitHub\IN3005\Coursework\Template2023\OpenGLTemplate\Game.cpp(1033,40): warning C4244: '=': conversion from 'double' to 'float', possible loss of data
  GameWindow.cpp
  HeightMapTerrain.cpp
  HighResolutionTimer.cpp
  MatrixStack.cpp
  OpenAssetImportMesh.cpp
  Overpass.cpp
  Plane.cpp
  Shaders.cpp
  Skybox.cpp
  Sphere.cpp
  Texture.cpp
  TreeMesh.cpp
  Generating Code...
  Compiling...
  Tunnel.cpp
  VertexBufferObject.cpp
  VertexBufferObjectIndexed.cpp
  Generating Code...
     Creating library C:\Users\T4YY4\Documents\GitHub\IN3005\Coursework\Template2023\x64\Debug\OpenGLTemplate.lib and object C:\Users\T4YY4\Documents\GitHub\IN3005\Coursework\Template2023\x64\Debug\OpenGLTemplate.exp
MSVCRTD.lib(initializers.obj) : warning LNK4098: defaultlib 'msvcrt.lib' conflicts with use of other libs; use /NODEFAULTLIB:library
  OpenGLTemplate.vcxproj -> C:\Users\T4YY4\Documents\GitHub\IN3005\Coursework\Template2023\x64\Debug\OpenGLTemplate.exe
