  Audio.cpp
  Camera.cpp
  CatmullRom.cpp
C:\Users\T4YY4\Documents\GitHub\IN3005\Interim Coursework\Template2023\OpenGLTemplate\CatmullRom.cpp(224,54): warning C4267: 'argument': conversion from 'size_t' to 'GLsizei', possible loss of data
C:\Users\T4YY4\Documents\GitHub\IN3005\Interim Coursework\Template2023\OpenGLTemplate\CatmullRom.cpp(225,57): warning C4267: 'argument': conversion from 'size_t' to 'GLsizei', possible loss of data
  Cubemap.cpp
  FreeTypeFont.cpp
  Game.cpp
C:\Users\T4YY4\Documents\GitHub\IN3005\Interim Coursework\Template2023\OpenGLTemplate\Game.cpp(327,40): warning C4244: '=': conversion from 'double' to 'float', possible loss of data
  GameWindow.cpp
  HighResolutionTimer.cpp
  MatrixStack.cpp
  OpenAssetImportMesh.cpp
  Plane.cpp
  Shaders.cpp
  Skybox.cpp
  Sphere.cpp
  Texture.cpp
  Tunnel.cpp
  VertexBufferObject.cpp
  VertexBufferObjectIndexed.cpp
  Generating Code...
     Creating library C:\Users\T4YY4\Documents\GitHub\IN3005\Interim Coursework\Template2023\x64\Debug\OpenGLTemplate.lib and object C:\Users\T4YY4\Documents\GitHub\IN3005\Interim Coursework\Template2023\x64\Debug\OpenGLTemplate.exp
MSVCRTD.lib(initializers.obj) : warning LNK4098: defaultlib 'msvcrt.lib' conflicts with use of other libs; use /NODEFAULTLIB:library
  OpenGLTemplate.vcxproj -> C:\Users\T4YY4\Documents\GitHub\IN3005\Interim Coursework\Template2023\x64\Debug\OpenGLTemplate.exe
